# JRE version: Java(TM) SE Runtime Environment (21.0.2+13) (build 21.0.2+13-LTS-58)
# Java VM: Java HotSpot(TM) 64-Bit Server VM (21.0.2+13-LTS-58, mixed mode, emulated-client, sharing, tiered, compressed oops, compressed class ptrs, g1 gc, windows-amd64)
GC Precious Log:
 CardTable entry size: 512
 Card Set container configuration: InlinePtr #cards 5 size 8 Array Of Cards #cards 12 size 40 Howl #buckets 4 coarsen threshold 1843 Howl Bitmap #cards 512 size 80 coarsen threshold 460 Card regions per heap region 1 cards per card region 2048
 CPUs: 4 total, 4 available
 Memory: 3879M
 Large Page Support: Disabled
 NUMA Support: Disabled
 Compressed Oops: Enabled (32-bit)
 Heap Region Size: 1M
 Heap Min Capacity: 8M
 Heap Initial Capacity: 62M
 Heap Max Capacity: 970M
 Pre-touch: Disabled
 Parallel Workers: 4
 Concurrent Workers: 1
 Concurrent Refinement Workers: 4
 Periodic GC: Disabled
Heap:
 garbage-first heap   total 58368K, used 29784K [0x00000000c3600000, 0x0000000100000000)
  region size 1024K, 9 young (9216K), 3 survivors (3072K)
 Metaspace       used 46234K, committed 46848K, reserved 1114112K
  class space    used 6421K, committed 6720K, reserved 1048576K
GC Heap History (20 events):
Event: 6.741 GC heap before
{Heap before GC invocations=0 (full 0):
 garbage-first heap   total 63488K, used 14336K [0x00000000c3600000, 0x0000000100000000)
  region size 1024K, 13 young (13312K), 0 survivors (0K)
 Metaspace       used 3567K, committed 3712K, reserved 1114112K
  class space    used 404K, committed 448K, reserved 1048576K
}
Event: 6.757 GC heap after
{Heap after GC invocations=1 (full 0):
 garbage-first heap   total 63488K, used 7680K [0x00000000c3600000, 0x0000000100000000)
  region size 1024K, 2 young (2048K), 2 survivors (2048K)
 Metaspace       used 3567K, committed 3712K, reserved 1114112K
  class space    used 404K, committed 448K, reserved 1048576K
}
Event: 10.301 GC heap before
{Heap before GC invocations=1 (full 0):
 garbage-first heap   total 63488K, used 18944K [0x00000000c3600000, 0x0000000100000000)
  region size 1024K, 14 young (14336K), 2 survivors (2048K)
 Metaspace       used 8289K, committed 8640K, reserved 1114112K
  class space    used 1031K, committed 1216K, reserved 1048576K
}
Event: 10.308 GC heap after
{Heap after GC invocations=2 (full 0):
 garbage-first heap   total 63488K, used 9118K [0x00000000c3600000, 0x0000000100000000)
  region size 1024K, 2 young (2048K), 2 survivors (2048K)
 Metaspace       used 8289K, committed 8640K, reserved 1114112K
  class space    used 1031K, committed 1216K, reserved 1048576K
}
Event: 12.544 GC heap before
{Heap before GC invocations=2 (full 0):
 garbage-first heap   total 63488K, used 33694K [0x00000000c3600000, 0x0000000100000000)
  region size 1024K, 27 young (27648K), 2 survivors (2048K)
 Metaspace       used 13153K, committed 13568K, reserved 1114112K
  class space    used 1787K, committed 1984K, reserved 1048576K
}
Event: 12.550 GC heap after
{Heap after GC invocations=3 (full 0):
 garbage-first heap   total 63488K, used 10921K [0x00000000c3600000, 0x0000000100000000)
  region size 1024K, 4 young (4096K), 4 survivors (4096K)
 Metaspace       used 13153K, committed 13568K, reserved 1114112K
  class space    used 1787K, committed 1984K, reserved 1048576K
}
Event: 14.864 GC heap before
{Heap before GC invocations=3 (full 0):
 garbage-first heap   total 63488K, used 43689K [0x00000000c3600000, 0x0000000100000000)
  region size 1024K, 37 young (37888K), 4 survivors (4096K)
 Metaspace       used 19732K, committed 20096K, reserved 1114112K
  class space    used 2710K, committed 2880K, reserved 1048576K
}
Event: 14.874 GC heap after
{Heap after GC invocations=4 (full 0):
 garbage-first heap   total 63488K, used 13580K [0x00000000c3600000, 0x0000000100000000)
  region size 1024K, 5 young (5120K), 5 survivors (5120K)
 Metaspace       used 19732K, committed 20096K, reserved 1114112K
  class space    used 2710K, committed 2880K, reserved 1048576K
}
Event: 15.137 GC heap before
{Heap before GC invocations=4 (full 0):
 garbage-first heap   total 63488K, used 20748K [0x00000000c3600000, 0x0000000100000000)
  region size 1024K, 13 young (13312K), 5 survivors (5120K)
 Metaspace       used 21125K, committed 21504K, reserved 1114112K
  class space    used 2879K, committed 3072K, reserved 1048576K
}
Event: 15.145 GC heap after
{Heap after GC invocations=5 (full 0):
 garbage-first heap   total 63488K, used 14361K [0x00000000c3600000, 0x0000000100000000)
  region size 1024K, 1 young (1024K), 1 survivors (1024K)
 Metaspace       used 21125K, committed 21504K, reserved 1114112K
  class space    used 2879K, committed 3072K, reserved 1048576K
}
Event: 16.838 GC heap before
{Heap before GC invocations=6 (full 0):
 garbage-first heap   total 58368K, used 47129K [0x00000000c3600000, 0x0000000100000000)
  region size 1024K, 34 young (34816K), 1 survivors (1024K)
 Metaspace       used 24309K, committed 24832K, reserved 1114112K
  class space    used 3351K, committed 3584K, reserved 1048576K
}
Event: 16.844 GC heap after
{Heap after GC invocations=7 (full 0):
 garbage-first heap   total 58368K, used 17327K [0x00000000c3600000, 0x0000000100000000)
  region size 1024K, 4 young (4096K), 4 survivors (4096K)
 Metaspace       used 24309K, committed 24832K, reserved 1114112K
  class space    used 3351K, committed 3584K, reserved 1048576K
}
Event: 20.456 GC heap before
{Heap before GC invocations=7 (full 0):
 garbage-first heap   total 58368K, used 45999K [0x00000000c3600000, 0x0000000100000000)
  region size 1024K, 32 young (32768K), 4 survivors (4096K)
 Metaspace       used 27978K, committed 28480K, reserved 1114112K
  class space    used 3855K, committed 4096K, reserved 1048576K
}
Event: 20.470 GC heap after
{Heap after GC invocations=8 (full 0):
 garbage-first heap   total 58368K, used 18648K [0x00000000c3600000, 0x0000000100000000)
  region size 1024K, 2 young (2048K), 2 survivors (2048K)
 Metaspace       used 27978K, committed 28480K, reserved 1114112K
  class space    used 3855K, committed 4096K, reserved 1048576K
}
Event: 22.571 GC heap before
{Heap before GC invocations=8 (full 0):
 garbage-first heap   total 58368K, used 48344K [0x00000000c3600000, 0x0000000100000000)
  region size 1024K, 31 young (31744K), 2 survivors (2048K)
 Metaspace       used 32579K, committed 33152K, reserved 1114112K
  class space    used 4529K, committed 4800K, reserved 1048576K
}
Event: 22.579 GC heap after
{Heap after GC invocations=9 (full 0):
 garbage-first heap   total 58368K, used 21490K [0x00000000c3600000, 0x0000000100000000)
  region size 1024K, 4 young (4096K), 4 survivors (4096K)
 Metaspace       used 32579K, committed 33152K, reserved 1114112K
  class space    used 4529K, committed 4800K, reserved 1048576K
}
Event: 23.832 GC heap before
{Heap before GC invocations=9 (full 0):
 garbage-first heap   total 58368K, used 42994K [0x00000000c3600000, 0x0000000100000000)
  region size 1024K, 26 young (26624K), 4 survivors (4096K)
 Metaspace       used 35477K, committed 36096K, reserved 1114112K
  class space    used 4906K, committed 5184K, reserved 1048576K
}
Event: 23.839 GC heap after
{Heap after GC invocations=10 (full 0):
 garbage-first heap   total 58368K, used 23140K [0x00000000c3600000, 0x0000000100000000)
  region size 1024K, 2 young (2048K), 2 survivors (2048K)
 Metaspace       used 35477K, committed 36096K, reserved 1114112K
  class space    used 4906K, committed 5184K, reserved 1048576K
}
Event: 26.816 GC heap before
{Heap before GC invocations=11 (full 0):
 garbage-first heap   total 58368K, used 48740K [0x00000000c3600000, 0x0000000100000000)
  region size 1024K, 28 young (28672K), 2 survivors (2048K)
 Metaspace       used 41918K, committed 42560K, reserved 1114112K
  class space    used 5923K, committed 6208K, reserved 1048576K
}
Event: 26.821 GC heap after
{Heap after GC invocations=12 (full 0):
 garbage-first heap   total 58368K, used 24664K [0x00000000c3600000, 0x0000000100000000)
  region size 1024K, 3 young (3072K), 3 survivors (3072K)
 Metaspace       used 41918K, committed 42560K, reserved 1114112K
  class space    used 5923K, committed 6208K, reserved 1048576K
}

