# JRE version: Java(TM) SE Runtime Environment (21.0.2+13) (build 21.0.2+13-LTS-58)
# Java VM: Java HotSpot(TM) 64-Bit Server VM (21.0.2+13-LTS-58, mixed mode, emulated-client, sharing, tiered, compressed oops, compressed class ptrs, g1 gc, windows-amd64)
GC Precious Log:
 CardTable entry size: 512
 Card Set container configuration: InlinePtr #cards 5 size 8 Array Of Cards #cards 12 size 40 Howl #buckets 4 coarsen threshold 1843 Howl Bitmap #cards 512 size 80 coarsen threshold 460 Card regions per heap region 1 cards per card region 2048
 CPUs: 4 total, 4 available
 Memory: 3879M
 Large Page Support: Disabled
 NUMA Support: Disabled
 Compressed Oops: Enabled (32-bit)
 Heap Region Size: 1M
 Heap Min Capacity: 8M
 Heap Initial Capacity: 62M
 Heap Max Capacity: 970M
 Pre-touch: Disabled
 Parallel Workers: 4
 Concurrent Workers: 1
 Concurrent Refinement Workers: 4
 Periodic GC: Disabled
Heap:
 garbage-first heap   total 63488K, used 43698K [0x00000000c3600000, 0x0000000100000000)
  region size 1024K, 37 young (37888K), 3 survivors (3072K)
 Metaspace       used 19367K, committed 19712K, reserved 573440K
  class space    used 2680K, committed 2816K, reserved 507904K
GC Heap History (6 events):
Event: 3.103 GC heap before
{Heap before GC invocations=0 (full 0):
 garbage-first heap   total 63488K, used 15360K [0x00000000c3600000, 0x0000000100000000)
  region size 1024K, 13 young (13312K), 0 survivors (0K)
 Metaspace       used 3569K, committed 3712K, reserved 573440K
  class space    used 405K, committed 448K, reserved 507904K
}
Event: 3.113 GC heap after
{Heap after GC invocations=1 (full 0):
 garbage-first heap   total 63488K, used 7616K [0x00000000c3600000, 0x0000000100000000)
  region size 1024K, 2 young (2048K), 2 survivors (2048K)
 Metaspace       used 3569K, committed 3712K, reserved 573440K
  class space    used 405K, committed 448K, reserved 507904K
}
Event: 4.512 GC heap before
{Heap before GC invocations=1 (full 0):
 garbage-first heap   total 63488K, used 18880K [0x00000000c3600000, 0x0000000100000000)
  region size 1024K, 13 young (13312K), 2 survivors (2048K)
 Metaspace       used 8026K, committed 8320K, reserved 573440K
  class space    used 985K, committed 1088K, reserved 507904K
}
Event: 4.519 GC heap after
{Heap after GC invocations=2 (full 0):
 garbage-first heap   total 63488K, used 9207K [0x00000000c3600000, 0x0000000100000000)
  region size 1024K, 2 young (2048K), 2 survivors (2048K)
 Metaspace       used 8026K, committed 8320K, reserved 573440K
  class space    used 985K, committed 1088K, reserved 507904K
}
Event: 6.645 GC heap before
{Heap before GC invocations=2 (full 0):
 garbage-first heap   total 63488K, used 33783K [0x00000000c3600000, 0x0000000100000000)
  region size 1024K, 26 young (26624K), 2 survivors (2048K)
 Metaspace       used 12451K, committed 12864K, reserved 573440K
  class space    used 1707K, committed 1920K, reserved 507904K
}
Event: 6.649 GC heap after
{Heap after GC invocations=3 (full 0):
 garbage-first heap   total 63488K, used 10930K [0x00000000c3600000, 0x0000000100000000)
  region size 1024K, 3 young (3072K), 3 survivors (3072K)
 Metaspace       used 12451K, committed 12864K, reserved 573440K
  class space    used 1707K, committed 1920K, reserved 507904K
}

