# JRE version: Java(TM) SE Runtime Environment (21.0.2+13) (build 21.0.2+13-LTS-58)
# Java VM: Java HotSpot(TM) 64-Bit Server VM (21.0.2+13-LTS-58, mixed mode, emulated-client, sharing, tiered, compressed oops, compressed class ptrs, g1 gc, windows-amd64)
GC Precious Log:
 CardTable entry size: 512
 Card Set container configuration: InlinePtr #cards 5 size 8 Array Of Cards #cards 12 size 40 Howl #buckets 4 coarsen threshold 1843 Howl Bitmap #cards 512 size 80 coarsen threshold 460 Card regions per heap region 1 cards per card region 2048
 CPUs: 4 total, 4 available
 Memory: 3879M
 Large Page Support: Disabled
 NUMA Support: Disabled
 Compressed Oops: Enabled (32-bit)
 Heap Region Size: 1M
 Heap Min Capacity: 8M
 Heap Initial Capacity: 62M
 Heap Max Capacity: 970M
 Pre-touch: Disabled
 Parallel Workers: 4
 Concurrent Workers: 1
 Concurrent Refinement Workers: 4
 Periodic GC: Disabled
Heap:
 garbage-first heap   total 55296K, used 35301K [0x00000000c3600000, 0x0000000100000000)
  region size 1024K, 23 young (23552K), 4 survivors (4096K)
 Metaspace       used 26652K, committed 27072K, reserved 491520K
  class space    used 3648K, committed 3840K, reserved 425984K
GC Heap History (12 events):
Event: 3.762 GC heap before
{Heap before GC invocations=0 (full 0):
 garbage-first heap   total 63488K, used 15360K [0x00000000c3600000, 0x0000000100000000)
  region size 1024K, 13 young (13312K), 0 survivors (0K)
 Metaspace       used 3439K, committed 3584K, reserved 491520K
  class space    used 386K, committed 448K, reserved 425984K
}
Event: 3.933 GC heap after
{Heap after GC invocations=1 (full 0):
 garbage-first heap   total 63488K, used 7712K [0x00000000c3600000, 0x0000000100000000)
  region size 1024K, 2 young (2048K), 2 survivors (2048K)
 Metaspace       used 3439K, committed 3584K, reserved 491520K
  class space    used 386K, committed 448K, reserved 425984K
}
Event: 4.958 GC heap before
{Heap before GC invocations=1 (full 0):
 garbage-first heap   total 63488K, used 17952K [0x00000000c3600000, 0x0000000100000000)
  region size 1024K, 13 young (13312K), 2 survivors (2048K)
 Metaspace       used 7818K, committed 8128K, reserved 491520K
  class space    used 963K, committed 1088K, reserved 425984K
}
Event: 4.964 GC heap after
{Heap after GC invocations=2 (full 0):
 garbage-first heap   total 63488K, used 8895K [0x00000000c3600000, 0x0000000100000000)
  region size 1024K, 2 young (2048K), 2 survivors (2048K)
 Metaspace       used 7818K, committed 8128K, reserved 491520K
  class space    used 963K, committed 1088K, reserved 425984K
}
Event: 6.506 GC heap before
{Heap before GC invocations=2 (full 0):
 garbage-first heap   total 63488K, used 34495K [0x00000000c3600000, 0x0000000100000000)
  region size 1024K, 28 young (28672K), 2 survivors (2048K)
 Metaspace       used 12950K, committed 13376K, reserved 491520K
  class space    used 1759K, committed 1920K, reserved 425984K
}
Event: 6.512 GC heap after
{Heap after GC invocations=3 (full 0):
 garbage-first heap   total 63488K, used 10827K [0x00000000c3600000, 0x0000000100000000)
  region size 1024K, 4 young (4096K), 4 survivors (4096K)
 Metaspace       used 12950K, committed 13376K, reserved 491520K
  class space    used 1759K, committed 1920K, reserved 425984K
}
Event: 7.221 GC heap before
{Heap before GC invocations=3 (full 0):
 garbage-first heap   total 63488K, used 43595K [0x00000000c3600000, 0x0000000100000000)
  region size 1024K, 37 young (37888K), 4 survivors (4096K)
 Metaspace       used 19710K, committed 20096K, reserved 491520K
  class space    used 2702K, committed 2880K, reserved 425984K
}
Event: 7.232 GC heap after
{Heap after GC invocations=4 (full 0):
 garbage-first heap   total 63488K, used 13323K [0x00000000c3600000, 0x0000000100000000)
  region size 1024K, 5 young (5120K), 5 survivors (5120K)
 Metaspace       used 19710K, committed 20096K, reserved 491520K
  class space    used 2702K, committed 2880K, reserved 425984K
}
Event: 7.336 GC heap before
{Heap before GC invocations=4 (full 0):
 garbage-first heap   total 63488K, used 20491K [0x00000000c3600000, 0x0000000100000000)
  region size 1024K, 13 young (13312K), 5 survivors (5120K)
 Metaspace       used 21148K, committed 21504K, reserved 491520K
  class space    used 2885K, committed 3072K, reserved 425984K
}
Event: 7.341 GC heap after
{Heap after GC invocations=5 (full 0):
 garbage-first heap   total 63488K, used 14077K [0x00000000c3600000, 0x0000000100000000)
  region size 1024K, 1 young (1024K), 1 survivors (1024K)
 Metaspace       used 21148K, committed 21504K, reserved 491520K
  class space    used 2885K, committed 3072K, reserved 425984K
}
Event: 7.898 GC heap before
{Heap before GC invocations=6 (full 0):
 garbage-first heap   total 55296K, used 44797K [0x00000000c3600000, 0x0000000100000000)
  region size 1024K, 32 young (32768K), 1 survivors (1024K)
 Metaspace       used 24214K, committed 24640K, reserved 491520K
  class space    used 3336K, committed 3520K, reserved 425984K
}
Event: 7.902 GC heap after
{Heap after GC invocations=7 (full 0):
 garbage-first heap   total 55296K, used 16869K [0x00000000c3600000, 0x0000000100000000)
  region size 1024K, 4 young (4096K), 4 survivors (4096K)
 Metaspace       used 24214K, committed 24640K, reserved 491520K
  class space    used 3336K, committed 3520K, reserved 425984K
}

